{"numFailedTestSuites":0,"numFailedTests":0,"numPassedTestSuites":15,"numPassedTests":64,"numPendingTestSuites":0,"numPendingTests":0,"numRuntimeErrorTestSuites":0,"numTodoTests":0,"numTotalTestSuites":15,"numTotalTests":64,"openHandles":[],"snapshot":{"added":0,"didUpdate":false,"failure":false,"filesAdded":0,"filesRemoved":0,"filesRemovedList":[],"filesUnmatched":0,"filesUpdated":0,"matched":0,"total":0,"unchecked":0,"uncheckedKeysByFile":[],"unmatched":0,"updated":0},"startTime":1773099688927,"success":true,"testResults":[{"assertionResults":[{"ancestorTitles":["GET /api/telegram/status"],"duration":701,"failureDetails":[],"failureMessages":[],"fullName":"GET /api/telegram/status returns 401 when user is not authenticated","invocations":1,"location":null,"numPassingAsserts":2,"retryReasons":[],"status":"passed","title":"returns 401 when user is not authenticated"},{"ancestorTitles":["GET /api/telegram/status"],"duration":800,"failureDetails":[],"failureMessages":[],"fullName":"GET /api/telegram/status returns connected=false and connectUrl for an authenticated unlinked user","invocations":1,"location":null,"numPassingAsserts":4,"retryReasons":[],"status":"passed","title":"returns connected=false and connectUrl for an authenticated unlinked user"},{"ancestorTitles":["GET /api/telegram/status"],"duration":807,"failureDetails":[],"failureMessages":[],"fullName":"GET /api/telegram/status returns connected=true for an authenticated linked user","invocations":1,"location":null,"numPassingAsserts":4,"retryReasons":[],"status":"passed","title":"returns connected=true for an authenticated linked user"},{"ancestorTitles":["GET /api/telegram/status"],"duration":922,"failureDetails":[],"failureMessages":[],"fullName":"GET /api/telegram/status returns connectUrl=null when TELEGRAM_BOT_TOKEN is missing","invocations":1,"location":null,"numPassingAsserts":3,"retryReasons":[],"status":"passed","title":"returns connectUrl=null when TELEGRAM_BOT_TOKEN is missing"}],"endTime":1773099696374,"message":"","name":"/media/rebeca-lazaro/1CB41B1EB41AF9CA/Dev/Proyectos sistemas web/laptop-store/server/tests/telegram.status.e2e.test.ts","startTime":1773099690083,"status":"passed","summary":""},{"assertionResults":[{"ancestorTitles":["Products API e2e"],"duration":971,"failureDetails":[],"failureMessages":[],"fullName":"Products API e2e GET /api/products returns direct array response","invocations":1,"location":null,"numPassingAsserts":3,"retryReasons":[],"status":"passed","title":"GET /api/products returns direct array response"},{"ancestorTitles":["Products API e2e"],"duration":939,"failureDetails":[],"failureMessages":[],"fullName":"Products API e2e POST /api/products creates product for admin and returns expected shape","invocations":1,"location":null,"numPassingAsserts":2,"retryReasons":[],"status":"passed","title":"POST /api/products creates product for admin and returns expected shape"},{"ancestorTitles":["Products API e2e"],"duration":855,"failureDetails":[],"failureMessages":[],"fullName":"Products API e2e POST /api/products blocks non-admin users","invocations":1,"location":null,"numPassingAsserts":2,"retryReasons":[],"status":"passed","title":"POST /api/products blocks non-admin users"},{"ancestorTitles":["Products API e2e"],"duration":1104,"failureDetails":[],"failureMessages":[],"fullName":"Products API e2e GET /api/products/:slug returns one product with nested reviews array","invocations":1,"location":null,"numPassingAsserts":4,"retryReasons":[],"status":"passed","title":"GET /api/products/:slug returns one product with nested reviews array"},{"ancestorTitles":["Products API e2e"],"duration":1201,"failureDetails":[],"failureMessages":[],"fullName":"Products API e2e PUT /api/products/:id updates product fields","invocations":1,"location":null,"numPassingAsserts":4,"retryReasons":[],"status":"passed","title":"PUT /api/products/:id updates product fields"},{"ancestorTitles":["Products API e2e"],"duration":950,"failureDetails":[],"failureMessages":[],"fullName":"Products API e2e DELETE /api/products/:id removes product","invocations":1,"location":null,"numPassingAsserts":3,"retryReasons":[],"status":"passed","title":"DELETE /api/products/:id removes product"},{"ancestorTitles":["Products API e2e"],"duration":1021,"failureDetails":[],"failureMessages":[],"fullName":"Products API e2e GET /api/products supports sort/filter expected by frontend","invocations":1,"location":null,"numPassingAsserts":4,"retryReasons":[],"status":"passed","title":"GET /api/products supports sort/filter expected by frontend"},{"ancestorTitles":["Products API e2e"],"duration":936,"failureDetails":[],"failureMessages":[],"fullName":"Products API e2e rejects payloads over 100kb with clear message","invocations":1,"location":null,"numPassingAsserts":2,"retryReasons":[],"status":"passed","title":"rejects payloads over 100kb with clear message"}],"endTime":1773099705872,"message":"","name":"/media/rebeca-lazaro/1CB41B1EB41AF9CA/Dev/Proyectos sistemas web/laptop-store/server/tests/product.e2e.test.ts","startTime":1773099696471,"status":"passed","summary":""},{"assertionResults":[{"ancestorTitles":["Auth API e2e"],"duration":632,"failureDetails":[],"failureMessages":[],"fullName":"Auth API e2e POST /api/auth/login validates payload","invocations":1,"location":null,"numPassingAsserts":2,"retryReasons":[],"status":"passed","title":"POST /api/auth/login validates payload"},{"ancestorTitles":["Auth API e2e"],"duration":534,"failureDetails":[],"failureMessages":[],"fullName":"Auth API e2e POST /api/auth/register validates payload","invocations":1,"location":null,"numPassingAsserts":2,"retryReasons":[],"status":"passed","title":"POST /api/auth/register validates payload"},{"ancestorTitles":["Auth API e2e"],"duration":759,"failureDetails":[],"failureMessages":[],"fullName":"Auth API e2e POST /api/auth/register creates account, starts session and forces role=user","invocations":1,"location":null,"numPassingAsserts":7,"retryReasons":[],"status":"passed","title":"POST /api/auth/register creates account, starts session and forces role=user"},{"ancestorTitles":["Auth API e2e"],"duration":709,"failureDetails":[],"failureMessages":[],"fullName":"Auth API e2e POST /api/auth/register rejects duplicated email","invocations":1,"location":null,"numPassingAsserts":2,"retryReasons":[],"status":"passed","title":"POST /api/auth/register rejects duplicated email"},{"ancestorTitles":["Auth API e2e"],"duration":780,"failureDetails":[],"failureMessages":[],"fullName":"Auth API e2e POST /api/auth/login rejects invalid credentials","invocations":1,"location":null,"numPassingAsserts":2,"retryReasons":[],"status":"passed","title":"POST /api/auth/login rejects invalid credentials"},{"ancestorTitles":["Auth API e2e"],"duration":549,"failureDetails":[],"failureMessages":[],"fullName":"Auth API e2e POST /api/auth/login rejects unknown user","invocations":1,"location":null,"numPassingAsserts":2,"retryReasons":[],"status":"passed","title":"POST /api/auth/login rejects unknown user"},{"ancestorTitles":["Auth API e2e"],"duration":852,"failureDetails":[],"failureMessages":[],"fullName":"Auth API e2e POST /api/auth/login creates session and GET /api/auth/me returns current user","invocations":1,"location":null,"numPassingAsserts":4,"retryReasons":[],"status":"passed","title":"POST /api/auth/login creates session and GET /api/auth/me returns current user"},{"ancestorTitles":["Auth API e2e"],"duration":508,"failureDetails":[],"failureMessages":[],"fullName":"Auth API e2e GET /api/auth/me returns 401 without session","invocations":1,"location":null,"numPassingAsserts":2,"retryReasons":[],"status":"passed","title":"GET /api/auth/me returns 401 without session"},{"ancestorTitles":["Auth API e2e"],"duration":1317,"failureDetails":[],"failureMessages":[],"fullName":"Auth API e2e GET /api/auth/me returns 401 and destroys stale session user","invocations":1,"location":null,"numPassingAsserts":2,"retryReasons":[],"status":"passed","title":"GET /api/auth/me returns 401 and destroys stale session user"},{"ancestorTitles":["Auth API e2e"],"duration":794,"failureDetails":[],"failureMessages":[],"fullName":"Auth API e2e POST /api/auth/logout invalidates session","invocations":1,"location":null,"numPassingAsserts":5,"retryReasons":[],"status":"passed","title":"POST /api/auth/logout invalidates session"}],"endTime":1773099714500,"message":"","name":"/media/rebeca-lazaro/1CB41B1EB41AF9CA/Dev/Proyectos sistemas web/laptop-store/server/tests/auth.e2e.test.ts","startTime":1773099705930,"status":"passed","summary":""},{"assertionResults":[{"ancestorTitles":["Security hardening e2e"],"duration":853,"failureDetails":[],"failureMessages":[],"fullName":"Security hardening e2e blocks SQL injection attempts in path params and keeps table intact","invocations":1,"location":null,"numPassingAsserts":2,"retryReasons":[],"status":"passed","title":"blocks SQL injection attempts in path params and keeps table intact"},{"ancestorTitles":["Security hardening e2e"],"duration":816,"failureDetails":[],"failureMessages":[],"fullName":"Security hardening e2e handles SQL-like search payloads safely using parameterized queries","invocations":1,"location":null,"numPassingAsserts":2,"retryReasons":[],"status":"passed","title":"handles SQL-like search payloads safely using parameterized queries"},{"ancestorTitles":["Security hardening e2e"],"duration":843,"failureDetails":[],"failureMessages":[],"fullName":"Security hardening e2e sanitizes XSS payloads before storing and returning data","invocations":1,"location":null,"numPassingAsserts":5,"retryReasons":[],"status":"passed","title":"sanitizes XSS payloads before storing and returning data"},{"ancestorTitles":["Security hardening e2e"],"duration":801,"failureDetails":[],"failureMessages":[],"fullName":"Security hardening e2e enforces CSRF for cookie-bound unsafe requests","invocations":1,"location":null,"numPassingAsserts":3,"retryReasons":[],"status":"passed","title":"enforces CSRF for cookie-bound unsafe requests"},{"ancestorTitles":["Security hardening e2e"],"duration":1185,"failureDetails":[],"failureMessages":[],"fullName":"Security hardening e2e rejects malicious unexpected payload fields","invocations":1,"location":null,"numPassingAsserts":2,"retryReasons":[],"status":"passed","title":"rejects malicious unexpected payload fields"},{"ancestorTitles":["Security hardening e2e"],"duration":3366,"failureDetails":[],"failureMessages":[],"fullName":"Security hardening e2e blocks excessive requests with rate limit (DoS/brute-force mitigation)","invocations":1,"location":null,"numPassingAsserts":1,"retryReasons":[],"status":"passed","title":"blocks excessive requests with rate limit (DoS/brute-force mitigation)"}],"endTime":1773099723668,"message":"","name":"/media/rebeca-lazaro/1CB41B1EB41AF9CA/Dev/Proyectos sistemas web/laptop-store/server/tests/security.hardening.e2e.test.ts","startTime":1773099714548,"status":"passed","summary":""},{"assertionResults":[{"ancestorTitles":["Orders API e2e (Phase 3)"],"duration":773,"failureDetails":[],"failureMessages":[],"fullName":"Orders API e2e (Phase 3) POST /api/orders creates one order with frontend shape","invocations":1,"location":null,"numPassingAsserts":2,"retryReasons":[],"status":"passed","title":"POST /api/orders creates one order with frontend shape"},{"ancestorTitles":["Orders API e2e (Phase 3)"],"duration":771,"failureDetails":[],"failureMessages":[],"fullName":"Orders API e2e (Phase 3) GET /api/orders/my returns only authenticated user orders","invocations":1,"location":null,"numPassingAsserts":4,"retryReasons":[],"status":"passed","title":"GET /api/orders/my returns only authenticated user orders"},{"ancestorTitles":["Orders API e2e (Phase 3)"],"duration":651,"failureDetails":[],"failureMessages":[],"fullName":"Orders API e2e (Phase 3) GET /api/orders requires admin and returns global list","invocations":1,"location":null,"numPassingAsserts":5,"retryReasons":[],"status":"passed","title":"GET /api/orders requires admin and returns global list"},{"ancestorTitles":["Orders API e2e (Phase 3)"],"duration":600,"failureDetails":[],"failureMessages":[],"fullName":"Orders API e2e (Phase 3) PUT /api/orders/:id/status updates order status for admin","invocations":1,"location":null,"numPassingAsserts":2,"retryReasons":[],"status":"passed","title":"PUT /api/orders/:id/status updates order status for admin"},{"ancestorTitles":["Orders API e2e (Phase 3)"],"duration":685,"failureDetails":[],"failureMessages":[],"fullName":"Orders API e2e (Phase 3) DELETE /api/orders/:id removes order for admin","invocations":1,"location":null,"numPassingAsserts":3,"retryReasons":[],"status":"passed","title":"DELETE /api/orders/:id removes order for admin"},{"ancestorTitles":["Orders API e2e (Phase 3)"],"duration":530,"failureDetails":[],"failureMessages":[],"fullName":"Orders API e2e (Phase 3) validates phone in E.164 format","invocations":1,"location":null,"numPassingAsserts":2,"retryReasons":[],"status":"passed","title":"validates phone in E.164 format"},{"ancestorTitles":["Orders API e2e (Phase 3)"],"duration":543,"failureDetails":[],"failureMessages":[],"fullName":"Orders API e2e (Phase 3) returns 404 when updating missing order","invocations":1,"location":null,"numPassingAsserts":2,"retryReasons":[],"status":"passed","title":"returns 404 when updating missing order"}],"endTime":1773099729532,"message":"","name":"/media/rebeca-lazaro/1CB41B1EB41AF9CA/Dev/Proyectos sistemas web/laptop-store/server/tests/order.e2e.test.ts","startTime":1773099723858,"status":"passed","summary":""},{"assertionResults":[{"ancestorTitles":["Product reviews API e2e"],"duration":989,"failureDetails":[],"failureMessages":[],"fullName":"Product reviews API e2e POST /api/products/:id/reviews requires authentication","invocations":1,"location":null,"numPassingAsserts":2,"retryReasons":[],"status":"passed","title":"POST /api/products/:id/reviews requires authentication"},{"ancestorTitles":["Product reviews API e2e"],"duration":953,"failureDetails":[],"failureMessages":[],"fullName":"Product reviews API e2e creates review and updates product averageRating/numReviews","invocations":1,"location":null,"numPassingAsserts":6,"retryReasons":[],"status":"passed","title":"creates review and updates product averageRating/numReviews"},{"ancestorTitles":["Product reviews API e2e"],"duration":1148,"failureDetails":[],"failureMessages":[],"fullName":"Product reviews API e2e blocks duplicate review from same user for same product","invocations":1,"location":null,"numPassingAsserts":2,"retryReasons":[],"status":"passed","title":"blocks duplicate review from same user for same product"},{"ancestorTitles":["Product reviews API e2e"],"duration":1428,"failureDetails":[],"failureMessages":[],"fullName":"Product reviews API e2e GET /api/products/:id/reviews returns list with user names","invocations":1,"location":null,"numPassingAsserts":6,"retryReasons":[],"status":"passed","title":"GET /api/products/:id/reviews returns list with user names"}],"endTime":1773099735399,"message":"","name":"/media/rebeca-lazaro/1CB41B1EB41AF9CA/Dev/Proyectos sistemas web/laptop-store/server/tests/review.e2e.test.ts","startTime":1773099729585,"status":"passed","summary":""},{"assertionResults":[{"ancestorTitles":["Users API e2e (Phase 3)"],"duration":1212,"failureDetails":[],"failureMessages":[],"fullName":"Users API e2e (Phase 3) GET /api/users requires admin","invocations":1,"location":null,"numPassingAsserts":4,"retryReasons":[],"status":"passed","title":"GET /api/users requires admin"},{"ancestorTitles":["Users API e2e (Phase 3)"],"duration":622,"failureDetails":[],"failureMessages":[],"fullName":"Users API e2e (Phase 3) GET /api/users returns safe fields only","invocations":1,"location":null,"numPassingAsserts":6,"retryReasons":[],"status":"passed","title":"GET /api/users returns safe fields only"},{"ancestorTitles":["Users API e2e (Phase 3)"],"duration":546,"failureDetails":[],"failureMessages":[],"fullName":"Users API e2e (Phase 3) DELETE /api/users/:id forbids self delete","invocations":1,"location":null,"numPassingAsserts":2,"retryReasons":[],"status":"passed","title":"DELETE /api/users/:id forbids self delete"},{"ancestorTitles":["Users API e2e (Phase 3)"],"duration":591,"failureDetails":[],"failureMessages":[],"fullName":"Users API e2e (Phase 3) DELETE /api/users/:id deletes target user when admin","invocations":1,"location":null,"numPassingAsserts":3,"retryReasons":[],"status":"passed","title":"DELETE /api/users/:id deletes target user when admin"}],"endTime":1773099739634,"message":"","name":"/media/rebeca-lazaro/1CB41B1EB41AF9CA/Dev/Proyectos sistemas web/laptop-store/server/tests/user.e2e.test.ts","startTime":1773099735445,"status":"passed","summary":""},{"assertionResults":[{"ancestorTitles":["Admin API e2e (Phase 3)"],"duration":1103,"failureDetails":[],"failureMessages":[],"fullName":"Admin API e2e (Phase 3) GET /api/admin/stats requires admin access","invocations":1,"location":null,"numPassingAsserts":4,"retryReasons":[],"status":"passed","title":"GET /api/admin/stats requires admin access"},{"ancestorTitles":["Admin API e2e (Phase 3)"],"duration":903,"failureDetails":[],"failureMessages":[],"fullName":"Admin API e2e (Phase 3) GET /api/admin/stats returns aggregated counters with totalRevenue as string","invocations":1,"location":null,"numPassingAsserts":2,"retryReasons":[],"status":"passed","title":"GET /api/admin/stats returns aggregated counters with totalRevenue as string"}],"endTime":1773099743421,"message":"","name":"/media/rebeca-lazaro/1CB41B1EB41AF9CA/Dev/Proyectos sistemas web/laptop-store/server/tests/admin.e2e.test.ts","startTime":1773099739709,"status":"passed","summary":""},{"assertionResults":[{"ancestorTitles":["telegramStatus.service"],"duration":619,"failureDetails":[],"failureMessages":[],"fullName":"telegramStatus.service returns connectUrl and botUsername for an unlinked user when bot is configured","invocations":1,"location":null,"numPassingAsserts":4,"retryReasons":[],"status":"passed","title":"returns connectUrl and botUsername for an unlinked user when bot is configured"},{"ancestorTitles":["telegramStatus.service"],"duration":581,"failureDetails":[],"failureMessages":[],"fullName":"telegramStatus.service returns connected=true for a linked user","invocations":1,"location":null,"numPassingAsserts":1,"retryReasons":[],"status":"passed","title":"returns connected=true for a linked user"},{"ancestorTitles":["telegramStatus.service"],"duration":680,"failureDetails":[],"failureMessages":[],"fullName":"telegramStatus.service returns null connectUrl when TELEGRAM_BOT_TOKEN is missing","invocations":1,"location":null,"numPassingAsserts":2,"retryReasons":[],"status":"passed","title":"returns null connectUrl when TELEGRAM_BOT_TOKEN is missing"}],"endTime":1773099745756,"message":"","name":"/media/rebeca-lazaro/1CB41B1EB41AF9CA/Dev/Proyectos sistemas web/laptop-store/server/tests/telegram.status.service.test.ts","startTime":1773099743453,"status":"passed","summary":""},{"assertionResults":[{"ancestorTitles":["Orders notifications flow"],"duration":1284,"failureDetails":[],"failureMessages":[],"fullName":"Orders notifications flow sends email + telegram when user started bot and has chat id","invocations":1,"location":null,"numPassingAsserts":5,"retryReasons":[],"status":"passed","title":"sends email + telegram when user started bot and has chat id"},{"ancestorTitles":["Orders notifications flow"],"duration":816,"failureDetails":[],"failureMessages":[],"fullName":"Orders notifications flow sends only email when user did not start telegram bot","invocations":1,"location":null,"numPassingAsserts":4,"retryReasons":[],"status":"passed","title":"sends only email when user did not start telegram bot"}],"endTime":1773099749338,"message":"","name":"/media/rebeca-lazaro/1CB41B1EB41AF9CA/Dev/Proyectos sistemas web/laptop-store/server/tests/orders.notifications.e2e.test.ts","startTime":1773099745798,"status":"passed","summary":""},{"assertionResults":[{"ancestorTitles":["POST /api/telegram/register"],"duration":735,"failureDetails":[],"failureMessages":[],"fullName":"POST /api/telegram/register returns 401 when user is not authenticated","invocations":1,"location":null,"numPassingAsserts":1,"retryReasons":[],"status":"passed","title":"returns 401 when user is not authenticated"},{"ancestorTitles":["POST /api/telegram/register"],"duration":608,"failureDetails":[],"failureMessages":[],"fullName":"POST /api/telegram/register updates telegram fields for authenticated user","invocations":1,"location":null,"numPassingAsserts":4,"retryReasons":[],"status":"passed","title":"updates telegram fields for authenticated user"}],"endTime":1773099752336,"message":"","name":"/media/rebeca-lazaro/1CB41B1EB41AF9CA/Dev/Proyectos sistemas web/laptop-store/server/tests/telegram.register.e2e.test.ts","startTime":1773099749414,"status":"passed","summary":""},{"assertionResults":[{"ancestorTitles":["Laptops API e2e"],"duration":300,"failureDetails":[],"failureMessages":[],"fullName":"Laptops API e2e creates a laptop","invocations":1,"location":null,"numPassingAsserts":4,"retryReasons":[],"status":"passed","title":"creates a laptop"},{"ancestorTitles":["Laptops API e2e"],"duration":224,"failureDetails":[],"failureMessages":[],"fullName":"Laptops API e2e gets laptop by id","invocations":1,"location":null,"numPassingAsserts":2,"retryReasons":[],"status":"passed","title":"gets laptop by id"},{"ancestorTitles":["Laptops API e2e"],"duration":210,"failureDetails":[],"failureMessages":[],"fullName":"Laptops API e2e updates laptop fields","invocations":1,"location":null,"numPassingAsserts":3,"retryReasons":[],"status":"passed","title":"updates laptop fields"},{"ancestorTitles":["Laptops API e2e"],"duration":253,"failureDetails":[],"failureMessages":[],"fullName":"Laptops API e2e lists laptops with filters and pagination","invocations":1,"location":null,"numPassingAsserts":4,"retryReasons":[],"status":"passed","title":"lists laptops with filters and pagination"},{"ancestorTitles":["Laptops API e2e"],"duration":397,"failureDetails":[],"failureMessages":[],"fullName":"Laptops API e2e deletes a laptop","invocations":1,"location":null,"numPassingAsserts":2,"retryReasons":[],"status":"passed","title":"deletes a laptop"}],"endTime":1773099754988,"message":"","name":"/media/rebeca-lazaro/1CB41B1EB41AF9CA/Dev/Proyectos sistemas web/laptop-store/server/tests/laptops.e2e.test.ts","startTime":1773099752362,"status":"passed","summary":""},{"assertionResults":[{"ancestorTitles":["password.service"],"duration":216,"failureDetails":[],"failureMessages":[],"fullName":"password.service hashes and verifies a valid password","invocations":1,"location":null,"numPassingAsserts":2,"retryReasons":[],"status":"passed","title":"hashes and verifies a valid password"},{"ancestorTitles":["password.service"],"duration":202,"failureDetails":[],"failureMessages":[],"fullName":"password.service returns false for invalid password or malformed hash","invocations":1,"location":null,"numPassingAsserts":3,"retryReasons":[],"status":"passed","title":"returns false for invalid password or malformed hash"},{"ancestorTitles":["password.service"],"duration":29,"failureDetails":[],"failureMessages":[],"fullName":"password.service propagates scrypt runtime errors","invocations":1,"location":null,"numPassingAsserts":1,"retryReasons":[],"status":"passed","title":"propagates scrypt runtime errors"}],"endTime":1773099755830,"message":"","name":"/media/rebeca-lazaro/1CB41B1EB41AF9CA/Dev/Proyectos sistemas web/laptop-store/server/tests/auth.password.service.test.ts","startTime":1773099755017,"status":"passed","summary":""},{"assertionResults":[{"ancestorTitles":["notification.service"],"duration":9,"failureDetails":[],"failureMessages":[],"fullName":"notification.service sendEmail sends one email with SMTP transport","invocations":1,"location":null,"numPassingAsserts":2,"retryReasons":[],"status":"passed","title":"sendEmail sends one email with SMTP transport"},{"ancestorTitles":["notification.service"],"duration":257,"failureDetails":[],"failureMessages":[],"fullName":"notification.service sendTelegram retries once on transient HTTP error","invocations":1,"location":null,"numPassingAsserts":2,"retryReasons":[],"status":"passed","title":"sendTelegram retries once on transient HTTP error"}],"endTime":1773099756636,"message":"","name":"/media/rebeca-lazaro/1CB41B1EB41AF9CA/Dev/Proyectos sistemas web/laptop-store/server/tests/notification.service.test.ts","startTime":1773099755844,"status":"passed","summary":""},{"assertionResults":[{"ancestorTitles":["adminChatDetector.service"],"duration":17,"failureDetails":[],"failureMessages":[],"fullName":"adminChatDetector.service detects first chat id, stores ADMIN_CHAT_ID in .env file and sends confirmation","invocations":1,"location":null,"numPassingAsserts":5,"retryReasons":[],"status":"passed","title":"detects first chat id, stores ADMIN_CHAT_ID in .env file and sends confirmation"},{"ancestorTitles":["adminChatDetector.service"],"duration":5,"failureDetails":[],"failureMessages":[],"fullName":"adminChatDetector.service does not overwrite ADMIN_CHAT_ID when it already exists in .env","invocations":1,"location":null,"numPassingAsserts":5,"retryReasons":[],"status":"passed","title":"does not overwrite ADMIN_CHAT_ID when it already exists in .env"}],"endTime":1773099757166,"message":"","name":"/media/rebeca-lazaro/1CB41B1EB41AF9CA/Dev/Proyectos sistemas web/laptop-store/server/tests/admin-chat-detector.service.test.ts","startTime":1773099756653,"status":"passed","summary":""}],"wasInterrupted":false}
